Determining if the pthread_create exist failed with the following output:
Change Dir: /home/paul/work/LTP/utils/serial_util_2/bin/CMakeFiles/CMakeTmp

Run Build Command:"/usr/bin/make" "cmTryCompileExec735494336/fast"
/usr/bin/make -f CMakeFiles/cmTryCompileExec735494336.dir/build.make CMakeFiles/cmTryCompileExec735494336.dir/build
make[1]: Entering directory `/home/paul/work/LTP/utils/serial_util_2/bin/CMakeFiles/CMakeTmp'
/usr/bin/cmake -E cmake_progress_report /home/paul/work/LTP/utils/serial_util_2/bin/CMakeFiles/CMakeTmp/CMakeFiles 1
Building C object CMakeFiles/cmTryCompileExec735494336.dir/CheckSymbolExists.c.o
/usr/bin/cc    -o CMakeFiles/cmTryCompileExec735494336.dir/CheckSymbolExists.c.o   -c /home/paul/work/LTP/utils/serial_util_2/bin/CMakeFiles/CMakeTmp/CheckSymbolExists.c
Linking C executable cmTryCompileExec735494336
/usr/bin/cmake -E cmake_link_script CMakeFiles/cmTryCompileExec735494336.dir/link.txt --verbose=1
/usr/bin/cc       CMakeFiles/cmTryCompileExec735494336.dir/CheckSymbolExists.c.o  -o cmTryCompileExec735494336 -rdynamic 
CMakeFiles/cmTryCompileExec735494336.dir/CheckSymbolExists.c.o: In function `main':
CheckSymbolExists.c:(.text+0x16): undefined reference to `pthread_create'
collect2: error: ld returned 1 exit status
make[1]: Leaving directory `/home/paul/work/LTP/utils/serial_util_2/bin/CMakeFiles/CMakeTmp'
make[1]: *** [cmTryCompileExec735494336] Error 1
make: *** [cmTryCompileExec735494336/fast] Error 2

File /home/paul/work/LTP/utils/serial_util_2/bin/CMakeFiles/CMakeTmp/CheckSymbolExists.c:
/* */
#include <pthread.h>

int main(int argc, char** argv)
{
  (void)argv;
#ifndef pthread_create
  return ((int*)(&pthread_create))[argc];
#else
  (void)argc;
  return 0;
#endif
}

Determining if the function pthread_create exists in the pthreads failed with the following output:
Change Dir: /home/paul/work/LTP/utils/serial_util_2/bin/CMakeFiles/CMakeTmp

Run Build Command:"/usr/bin/make" "cmTryCompileExec2398433082/fast"
/usr/bin/make -f CMakeFiles/cmTryCompileExec2398433082.dir/build.make CMakeFiles/cmTryCompileExec2398433082.dir/build
make[1]: Entering directory `/home/paul/work/LTP/utils/serial_util_2/bin/CMakeFiles/CMakeTmp'
/usr/bin/cmake -E cmake_progress_report /home/paul/work/LTP/utils/serial_util_2/bin/CMakeFiles/CMakeTmp/CMakeFiles 1
Building C object CMakeFiles/cmTryCompileExec2398433082.dir/CheckFunctionExists.c.o
/usr/bin/cc   -DCHECK_FUNCTION_EXISTS=pthread_create   -o CMakeFiles/cmTryCompileExec2398433082.dir/CheckFunctionExists.c.o   -c /usr/share/cmake-3.2/Modules/CheckFunctionExists.c
Linking C executable cmTryCompileExec2398433082
/usr/bin/cmake -E cmake_link_script CMakeFiles/cmTryCompileExec2398433082.dir/link.txt --verbose=1
/usr/bin/cc   -DCHECK_FUNCTION_EXISTS=pthread_create    CMakeFiles/cmTryCompileExec2398433082.dir/CheckFunctionExists.c.o  -o cmTryCompileExec2398433082 -rdynamic -lpthreads 
/usr/bin/ld: cannot find -lpthreads
collect2: error: ld returned 1 exit status
make[1]: *** [cmTryCompileExec2398433082] Error 1
make[1]: Leaving directory `/home/paul/work/LTP/utils/serial_util_2/bin/CMakeFiles/CMakeTmp'
make: *** [cmTryCompileExec2398433082/fast] Error 2


